/usr/local/lib/python3.11/dist-packages/torch/nn/modules/transformer.py:307: UserWarning: enable_nested_tensor is True, but self.use_nested_tensor is False because encoder_layer.norm_first was True
  warnings.warn(f"enable_nested_tensor is True, but self.use_nested_tensor is False because {why_not_sparsity_fast_path}")
Sequences: 4674
Vocab size: 1856 (codebook K=1024)
PatchGPT: 87.3M params
Epoch 000 | loss 6.0073 | 110.7s
Epoch 001 | loss 5.5917 | 110.5s
Epoch 002 | loss 5.4961 | 111.4s
Epoch 003 | loss 5.4265 | 111.0s
Epoch 004 | loss 5.3697 | 111.4s
Epoch 005 | loss 5.3362 | 111.2s
Epoch 006 | loss 5.3156 | 111.3s
Epoch 007 | loss 5.3057 | 111.0s
Epoch 008 | loss 5.2922 | 110.6s
Epoch 009 | loss 5.2863 | 110.8s
Epoch 010 | loss 5.2819 | 110.9s
Epoch 011 | loss 5.2844 | 110.8s
Epoch 012 | loss 5.2859 | 111.2s
Epoch 013 | loss 5.2982 | 111.5s
Epoch 014 | loss 5.3086 | 110.8s
Epoch 015 | loss 5.3051 | 111.0s
Epoch 016 | loss 5.3214 | 111.2s
Epoch 017 | loss 5.3357 | 111.1s
Epoch 018 | loss 5.3433 | 111.4s
Epoch 019 | loss 5.3539 | 111.4s
Epoch 020 | loss 5.3734 | 111.1s
Epoch 021 | loss 5.3835 | 111.2s
Epoch 022 | loss 5.3892 | 110.8s
Epoch 023 | loss 5.4053 | 110.9s
Epoch 024 | loss 5.4195 | 111.3s
Epoch 025 | loss 5.4358 | 111.0s
Epoch 026 | loss 5.4302 | 111.1s
Epoch 027 | loss 5.4289 | 111.1s
Epoch 028 | loss 5.4421 | 111.4s
Epoch 029 | loss 5.4579 | 111.6s
Epoch 030 | loss 5.4576 | 111.8s
Epoch 031 | loss 5.4617 | 111.8s
Epoch 032 | loss 5.4812 | 111.1s
Epoch 033 | loss 5.4879 | 111.4s
Epoch 034 | loss 5.4866 | 111.1s
Epoch 035 | loss 5.4917 | 111.1s
Epoch 036 | loss 5.4962 | 111.1s
Epoch 037 | loss 5.4909 | 111.1s
Epoch 038 | loss 5.4964 | 111.3s
Epoch 039 | loss 5.5050 | 111.4s
Epoch 040 | loss 5.5038 | 111.5s
Epoch 041 | loss 5.5076 | 111.2s
Epoch 042 | loss 5.5117 | 111.1s
Epoch 043 | loss 5.5098 | 111.6s
Epoch 044 | loss 5.5128 | 112.1s
Epoch 045 | loss 5.5036 | 111.7s
Epoch 046 | loss 5.5066 | 110.9s
Epoch 047 | loss 5.5114 | 111.3s
Epoch 048 | loss 5.5142 | 111.4s
Epoch 049 | loss 5.5163 | 111.7s
Epoch 050 | loss 5.5317 | 111.4s
Epoch 051 | loss 5.5437 | 111.5s
Epoch 052 | loss 5.5478 | 111.2s
Epoch 053 | loss 5.5385 | 111.3s
Epoch 054 | loss 5.5359 | 111.3s
Epoch 055 | loss 5.5230 | 111.2s
Epoch 056 | loss 5.5169 | 111.2s
Epoch 057 | loss 5.5113 | 111.2s
Epoch 058 | loss 5.5068 | 111.4s
Epoch 059 | loss 5.5046 | 111.3s
Epoch 060 | loss 5.5039 | 110.9s
Epoch 061 | loss 5.4984 | 111.0s
Epoch 062 | loss 5.4936 | 111.0s
Epoch 063 | loss 5.4936 | 111.1s
Epoch 064 | loss 5.4916 | 110.9s
Epoch 065 | loss 5.4856 | 111.0s
Epoch 066 | loss 5.4795 | 111.3s
Epoch 067 | loss 5.4777 | 111.4s
Epoch 068 | loss 5.4709 | 112.2s
Epoch 069 | loss 5.4647 | 110.7s
Epoch 070 | loss 5.4595 | 111.2s
Epoch 071 | loss 5.4546 | 111.6s
Epoch 072 | loss 5.4515 | 111.5s
Epoch 073 | loss 5.4482 | 111.3s
Epoch 074 | loss 5.4444 | 111.2s
Epoch 075 | loss 5.4432 | 111.5s
Epoch 076 | loss 5.4378 | 111.3s
Epoch 077 | loss 5.4369 | 111.0s
Epoch 078 | loss 5.4352 | 111.0s
Epoch 079 | loss 5.4346 | 110.9s
Epoch 080 | loss 5.4299 | 110.9s
Epoch 081 | loss 5.4303 | 111.3s
Epoch 082 | loss 5.4255 | 111.3s
Epoch 083 | loss 5.4248 | 111.1s
Epoch 084 | loss 5.4209 | 111.5s
Epoch 085 | loss 5.4204 | 111.1s
Epoch 086 | loss 5.4198 | 110.6s
Epoch 087 | loss 5.4184 | 110.8s
Epoch 088 | loss 5.4202 | 111.4s
Epoch 089 | loss 5.4167 | 111.2s
Epoch 090 | loss 5.4175 | 111.2s
Epoch 091 | loss 5.4176 | 111.0s
Epoch 092 | loss 5.4147 | 111.0s
Epoch 093 | loss 5.4139 | 111.1s
Epoch 094 | loss 5.4135 | 111.3s
Epoch 095 | loss 5.4124 | 111.0s
Epoch 096 | loss 5.4125 | 111.0s
Epoch 097 | loss 5.4132 | 111.3s
Epoch 098 | loss 5.4135 | 111.2s
Epoch 099 | loss 5.4131 | 110.9s
Training complete. Final checkpoint saved to data/checkpoints/ar_rvq
