/usr/local/lib/python3.11/dist-packages/torch/nn/modules/transformer.py:307: UserWarning: enable_nested_tensor is True, but self.use_nested_tensor is False because encoder_layer.norm_first was True
  warnings.warn(f"enable_nested_tensor is True, but self.use_nested_tensor is False because {why_not_sparsity_fast_path}")
Sequences: 4674
Vocab size: 1856 (codebook K=1024)
PatchGPT: 20.4M params
Grad accumulation: 8 steps (effective batch = 32)
LR schedule: 10 warmup epochs → cosine to epoch 300
Epoch 000 | loss 7.6358 | lr 3.00e-05 | 32.0s
Epoch 001 | loss 7.3497 | lr 6.00e-05 | 31.7s
Epoch 002 | loss 7.2541 | lr 9.00e-05 | 31.8s
Epoch 003 | loss 6.1978 | lr 1.20e-04 | 31.8s
Epoch 004 | loss 5.6788 | lr 1.50e-04 | 31.7s
Epoch 005 | loss 5.5490 | lr 1.80e-04 | 31.6s
Epoch 006 | loss 5.4342 | lr 2.10e-04 | 31.8s
Epoch 007 | loss 5.3484 | lr 2.40e-04 | 31.4s
Epoch 008 | loss 5.2859 | lr 2.70e-04 | 31.3s
/usr/local/lib/python3.11/dist-packages/torch/optim/lr_scheduler.py:232: UserWarning: The epoch parameter in `scheduler.step()` was not necessary and is being deprecated where possible. Please use `scheduler.step()` to step the scheduler. During the deprecation, if epoch is different from None, the closed form is used instead of the new chainable form, where available. Please open an issue if you are unable to replicate your use case: https://github.com/pytorch/pytorch/issues/new/choose.
  warnings.warn(EPOCH_DEPRECATION_WARNING, UserWarning)
Epoch 009 | loss 5.2441 | lr 3.00e-04 | 31.8s
Epoch 010 | loss 5.2040 | lr 3.00e-04 | 31.9s
Epoch 011 | loss 5.1690 | lr 3.00e-04 | 31.9s
Epoch 012 | loss 5.1371 | lr 3.00e-04 | 31.8s
Epoch 013 | loss 5.1050 | lr 3.00e-04 | 32.1s
Epoch 014 | loss 5.0764 | lr 3.00e-04 | 32.4s
Epoch 015 | loss 5.0465 | lr 3.00e-04 | 31.9s
Epoch 016 | loss 5.0155 | lr 3.00e-04 | 32.0s
Epoch 017 | loss 4.9838 | lr 2.99e-04 | 32.0s
Epoch 018 | loss 4.9561 | lr 2.99e-04 | 32.1s
Epoch 019 | loss 4.9198 | lr 2.99e-04 | 31.8s
Epoch 020 | loss 4.8854 | lr 2.99e-04 | 31.8s
Epoch 021 | loss 4.8464 | lr 2.99e-04 | 31.9s
Epoch 022 | loss 4.8110 | lr 2.99e-04 | 32.1s
Epoch 023 | loss 4.7669 | lr 2.98e-04 | 32.1s
Epoch 024 | loss 4.7211 | lr 2.98e-04 | 32.2s
Epoch 025 | loss 4.6723 | lr 2.98e-04 | 32.5s
Epoch 026 | loss 4.6188 | lr 2.97e-04 | 32.5s
Epoch 027 | loss 4.5668 | lr 2.97e-04 | 32.2s
Epoch 028 | loss 4.5103 | lr 2.97e-04 | 32.5s
Epoch 029 | loss 4.4533 | lr 2.96e-04 | 32.6s
Epoch 030 | loss 4.3967 | lr 2.96e-04 | 32.0s
Epoch 031 | loss 4.3384 | lr 2.96e-04 | 31.9s
Epoch 032 | loss 4.2763 | lr 2.95e-04 | 31.9s
Epoch 033 | loss 4.2158 | lr 2.95e-04 | 32.2s
Epoch 034 | loss 4.1524 | lr 2.95e-04 | 32.1s
Epoch 035 | loss 4.0941 | lr 2.94e-04 | 31.7s
Epoch 036 | loss 4.0318 | lr 2.94e-04 | 31.9s
Epoch 037 | loss 3.9722 | lr 2.93e-04 | 32.2s
Epoch 038 | loss 3.9218 | lr 2.93e-04 | 32.3s
Epoch 039 | loss 3.8615 | lr 2.92e-04 | 32.0s
Epoch 040 | loss 3.8129 | lr 2.92e-04 | 32.2s
Epoch 041 | loss 3.7625 | lr 2.91e-04 | 32.0s
Epoch 042 | loss 3.7131 | lr 2.91e-04 | 31.6s
Epoch 043 | loss 3.6624 | lr 2.90e-04 | 32.0s
Epoch 044 | loss 3.6249 | lr 2.89e-04 | 32.1s
Epoch 045 | loss 3.5813 | lr 2.89e-04 | 32.2s
Epoch 046 | loss 3.5329 | lr 2.88e-04 | 32.4s
Epoch 047 | loss 3.4994 | lr 2.87e-04 | 32.1s
Epoch 048 | loss 3.4646 | lr 2.87e-04 | 31.7s
Epoch 049 | loss 3.4231 | lr 2.86e-04 | 31.6s
Epoch 050 | loss 3.3834 | lr 2.85e-04 | 32.2s
Epoch 051 | loss 3.3522 | lr 2.85e-04 | 32.6s
Epoch 052 | loss 3.3168 | lr 2.84e-04 | 32.0s
Epoch 053 | loss 3.2897 | lr 2.83e-04 | 31.8s
Epoch 054 | loss 3.2612 | lr 2.83e-04 | 31.8s
Epoch 055 | loss 3.2261 | lr 2.82e-04 | 31.7s
Epoch 056 | loss 3.1909 | lr 2.81e-04 | 31.9s
Epoch 057 | loss 3.1605 | lr 2.80e-04 | 32.2s
Epoch 058 | loss 3.1428 | lr 2.79e-04 | 32.0s
Epoch 059 | loss 3.1117 | lr 2.79e-04 | 31.8s
Epoch 060 | loss 3.0935 | lr 2.78e-04 | 32.0s
Epoch 061 | loss 3.0653 | lr 2.77e-04 | 32.0s
Epoch 062 | loss 3.0378 | lr 2.76e-04 | 31.8s
Epoch 063 | loss 3.0052 | lr 2.75e-04 | 31.8s
Epoch 064 | loss 2.9913 | lr 2.74e-04 | 32.1s
Epoch 065 | loss 2.9598 | lr 2.73e-04 | 32.1s
Epoch 066 | loss 2.9448 | lr 2.72e-04 | 31.9s
Epoch 067 | loss 2.9137 | lr 2.71e-04 | 31.8s
Epoch 068 | loss 2.8950 | lr 2.70e-04 | 32.3s
Epoch 069 | loss 2.8780 | lr 2.69e-04 | 32.0s
Epoch 070 | loss 2.8583 | lr 2.68e-04 | 31.5s
Epoch 071 | loss 2.8324 | lr 2.67e-04 | 31.3s
Epoch 072 | loss 2.8176 | lr 2.66e-04 | 31.9s
Epoch 073 | loss 2.8018 | lr 2.65e-04 | 31.6s
Epoch 074 | loss 2.7746 | lr 2.64e-04 | 31.8s
Epoch 075 | loss 2.7623 | lr 2.63e-04 | 31.9s
Epoch 076 | loss 2.7447 | lr 2.62e-04 | 31.3s
Epoch 077 | loss 2.7288 | lr 2.61e-04 | 31.4s
Epoch 078 | loss 2.7045 | lr 2.60e-04 | 31.7s
Epoch 079 | loss 2.6950 | lr 2.59e-04 | 31.7s
Epoch 080 | loss 2.6723 | lr 2.58e-04 | 31.7s
Epoch 081 | loss 2.6596 | lr 2.57e-04 | 31.9s
Epoch 082 | loss 2.6484 | lr 2.55e-04 | 31.7s
Epoch 083 | loss 2.6318 | lr 2.54e-04 | 31.9s
Epoch 084 | loss 2.6185 | lr 2.53e-04 | 31.7s
Epoch 085 | loss 2.6071 | lr 2.52e-04 | 31.9s
Epoch 086 | loss 2.5886 | lr 2.51e-04 | 32.2s
Epoch 087 | loss 2.5645 | lr 2.50e-04 | 31.8s
Epoch 088 | loss 2.5501 | lr 2.48e-04 | 31.4s
Epoch 089 | loss 2.5437 | lr 2.47e-04 | 31.8s
Epoch 090 | loss 2.5222 | lr 2.46e-04 | 32.2s
Epoch 091 | loss 2.5159 | lr 2.45e-04 | 31.8s
Epoch 092 | loss 2.4960 | lr 2.43e-04 | 32.0s
Epoch 093 | loss 2.4819 | lr 2.42e-04 | 31.4s
Epoch 094 | loss 2.4690 | lr 2.41e-04 | 31.6s
Epoch 095 | loss 2.4526 | lr 2.39e-04 | 31.6s
Epoch 096 | loss 2.4469 | lr 2.38e-04 | 31.4s
Epoch 097 | loss 2.4327 | lr 2.37e-04 | 31.8s
Epoch 098 | loss 2.4278 | lr 2.36e-04 | 31.6s
Epoch 099 | loss 2.4103 | lr 2.34e-04 | 32.0s
Epoch 100 | loss 2.3946 | lr 2.33e-04 | 31.6s
Epoch 101 | loss 2.3863 | lr 2.31e-04 | 31.9s
Epoch 102 | loss 2.3747 | lr 2.30e-04 | 31.4s
Epoch 103 | loss 2.3583 | lr 2.29e-04 | 31.5s
Epoch 104 | loss 2.3492 | lr 2.27e-04 | 31.4s
Epoch 105 | loss 2.3473 | lr 2.26e-04 | 31.4s
Epoch 106 | loss 2.3211 | lr 2.25e-04 | 31.4s
Epoch 107 | loss 2.3139 | lr 2.23e-04 | 31.5s
Epoch 108 | loss 2.3079 | lr 2.22e-04 | 31.5s
Epoch 109 | loss 2.2973 | lr 2.20e-04 | 31.7s
Epoch 110 | loss 2.2776 | lr 2.19e-04 | 31.6s
Epoch 111 | loss 2.2812 | lr 2.17e-04 | 31.5s
Epoch 112 | loss 2.2613 | lr 2.16e-04 | 31.6s
Epoch 113 | loss 2.2574 | lr 2.14e-04 | 31.6s
Epoch 114 | loss 2.2497 | lr 2.13e-04 | 31.7s
Epoch 115 | loss 2.2390 | lr 2.12e-04 | 31.4s
Epoch 116 | loss 2.2295 | lr 2.10e-04 | 31.7s
Epoch 117 | loss 2.2225 | lr 2.09e-04 | 31.5s
Epoch 118 | loss 2.2122 | lr 2.07e-04 | 31.8s
Epoch 119 | loss 2.2016 | lr 2.06e-04 | 31.9s
Epoch 120 | loss 2.1894 | lr 2.04e-04 | 31.9s
Epoch 121 | loss 2.1824 | lr 2.02e-04 | 31.8s
Epoch 122 | loss 2.1700 | lr 2.01e-04 | 31.8s
Epoch 123 | loss 2.1611 | lr 1.99e-04 | 32.4s
Epoch 124 | loss 2.1536 | lr 1.98e-04 | 31.6s
Epoch 125 | loss 2.1439 | lr 1.96e-04 | 32.8s
Epoch 126 | loss 2.1357 | lr 1.95e-04 | 31.7s
Epoch 127 | loss 2.1257 | lr 1.93e-04 | 31.9s
Epoch 128 | loss 2.1131 | lr 1.92e-04 | 31.4s
Epoch 129 | loss 2.1108 | lr 1.90e-04 | 31.5s
Epoch 130 | loss 2.0965 | lr 1.89e-04 | 31.8s
Epoch 131 | loss 2.0886 | lr 1.87e-04 | 31.7s
Epoch 132 | loss 2.0810 | lr 1.85e-04 | 31.7s
Epoch 133 | loss 2.0729 | lr 1.84e-04 | 31.9s
Epoch 134 | loss 2.0750 | lr 1.82e-04 | 31.8s
Epoch 135 | loss 2.0640 | lr 1.81e-04 | 32.1s
Epoch 136 | loss 2.0533 | lr 1.79e-04 | 31.9s
Epoch 137 | loss 2.0413 | lr 1.77e-04 | 31.4s
Epoch 138 | loss 2.0329 | lr 1.76e-04 | 31.9s
Epoch 139 | loss 2.0257 | lr 1.74e-04 | 31.9s
Epoch 140 | loss 2.0214 | lr 1.73e-04 | 31.8s
Epoch 141 | loss 2.0102 | lr 1.71e-04 | 32.2s
Epoch 142 | loss 2.0045 | lr 1.69e-04 | 31.6s
Epoch 143 | loss 1.9976 | lr 1.68e-04 | 31.8s
Epoch 144 | loss 1.9958 | lr 1.66e-04 | 32.3s
Epoch 145 | loss 1.9875 | lr 1.65e-04 | 31.8s
Epoch 146 | loss 1.9742 | lr 1.63e-04 | 31.9s
Epoch 147 | loss 1.9712 | lr 1.61e-04 | 31.9s
Epoch 148 | loss 1.9651 | lr 1.60e-04 | 31.9s
Epoch 149 | loss 1.9550 | lr 1.58e-04 | 32.2s
Epoch 150 | loss 1.9474 | lr 1.56e-04 | 32.3s
Epoch 151 | loss 1.9358 | lr 1.55e-04 | 32.1s
Epoch 152 | loss 1.9388 | lr 1.53e-04 | 31.8s
Epoch 153 | loss 1.9219 | lr 1.52e-04 | 31.8s
Epoch 154 | loss 1.9268 | lr 1.50e-04 | 31.7s
Epoch 155 | loss 1.9103 | lr 1.48e-04 | 32.0s
Epoch 156 | loss 1.9120 | lr 1.47e-04 | 32.1s
Epoch 157 | loss 1.9023 | lr 1.45e-04 | 32.3s
Epoch 158 | loss 1.8918 | lr 1.44e-04 | 32.0s
Epoch 159 | loss 1.8862 | lr 1.42e-04 | 32.2s
Epoch 160 | loss 1.8877 | lr 1.40e-04 | 32.5s
Epoch 161 | loss 1.8736 | lr 1.39e-04 | 31.9s
Epoch 162 | loss 1.8638 | lr 1.37e-04 | 32.0s
Epoch 163 | loss 1.8627 | lr 1.35e-04 | 31.9s
Epoch 164 | loss 1.8522 | lr 1.34e-04 | 32.1s
Epoch 165 | loss 1.8489 | lr 1.32e-04 | 31.7s
Epoch 166 | loss 1.8434 | lr 1.31e-04 | 31.8s
Epoch 167 | loss 1.8393 | lr 1.29e-04 | 31.5s
Epoch 168 | loss 1.8333 | lr 1.27e-04 | 32.0s
Epoch 169 | loss 1.8224 | lr 1.26e-04 | 32.0s
Epoch 170 | loss 1.8214 | lr 1.24e-04 | 32.1s
Epoch 171 | loss 1.8159 | lr 1.23e-04 | 32.1s
Epoch 172 | loss 1.8113 | lr 1.21e-04 | 31.9s
Epoch 173 | loss 1.7994 | lr 1.19e-04 | 31.8s
Epoch 174 | loss 1.7988 | lr 1.18e-04 | 31.7s
Epoch 175 | loss 1.7931 | lr 1.16e-04 | 32.1s
Epoch 176 | loss 1.7825 | lr 1.15e-04 | 31.8s
Epoch 177 | loss 1.7802 | lr 1.13e-04 | 32.0s
Epoch 178 | loss 1.7788 | lr 1.11e-04 | 32.1s
Epoch 179 | loss 1.7733 | lr 1.10e-04 | 32.0s
Epoch 180 | loss 1.7653 | lr 1.08e-04 | 32.1s
Epoch 181 | loss 1.7613 | lr 1.07e-04 | 31.6s
Epoch 182 | loss 1.7554 | lr 1.05e-04 | 31.6s
Epoch 183 | loss 1.7477 | lr 1.04e-04 | 31.3s
Epoch 184 | loss 1.7398 | lr 1.02e-04 | 31.4s
Epoch 185 | loss 1.7357 | lr 1.01e-04 | 31.5s
Epoch 186 | loss 1.7337 | lr 9.90e-05 | 32.0s
Epoch 187 | loss 1.7299 | lr 9.75e-05 | 31.6s
Epoch 188 | loss 1.7241 | lr 9.60e-05 | 31.6s
Epoch 189 | loss 1.7244 | lr 9.45e-05 | 31.9s
Epoch 190 | loss 1.7170 | lr 9.30e-05 | 31.7s
Epoch 191 | loss 1.7089 | lr 9.15e-05 | 31.4s
Epoch 192 | loss 1.7062 | lr 9.00e-05 | 31.7s
Epoch 193 | loss 1.7012 | lr 8.85e-05 | 31.4s
Epoch 194 | loss 1.7028 | lr 8.70e-05 | 31.8s
Epoch 195 | loss 1.6945 | lr 8.55e-05 | 31.5s
Epoch 196 | loss 1.6857 | lr 8.41e-05 | 31.6s
Epoch 197 | loss 1.6849 | lr 8.26e-05 | 32.0s
Epoch 198 | loss 1.6788 | lr 8.12e-05 | 31.4s
Epoch 199 | loss 1.6730 | lr 7.97e-05 | 31.6s
Epoch 200 | loss 1.6732 | lr 7.83e-05 | 31.7s
Epoch 201 | loss 1.6643 | lr 7.69e-05 | 31.6s
Epoch 202 | loss 1.6617 | lr 7.55e-05 | 31.5s
Epoch 203 | loss 1.6590 | lr 7.41e-05 | 31.6s
Epoch 204 | loss 1.6502 | lr 7.27e-05 | 31.7s
Epoch 205 | loss 1.6468 | lr 7.13e-05 | 31.8s
Epoch 206 | loss 1.6435 | lr 6.99e-05 | 31.5s
Epoch 207 | loss 1.6341 | lr 6.85e-05 | 31.5s
Epoch 208 | loss 1.6376 | lr 6.72e-05 | 31.4s
Epoch 209 | loss 1.6335 | lr 6.58e-05 | 31.3s
Epoch 210 | loss 1.6299 | lr 6.45e-05 | 31.3s
Epoch 211 | loss 1.6260 | lr 6.32e-05 | 31.3s
Epoch 212 | loss 1.6234 | lr 6.18e-05 | 31.4s
Epoch 213 | loss 1.6223 | lr 6.05e-05 | 31.5s
Epoch 214 | loss 1.6193 | lr 5.92e-05 | 31.5s
Epoch 215 | loss 1.6148 | lr 5.79e-05 | 31.6s
Epoch 216 | loss 1.6032 | lr 5.67e-05 | 31.5s
Epoch 217 | loss 1.6046 | lr 5.54e-05 | 31.6s
Epoch 218 | loss 1.6007 | lr 5.41e-05 | 31.4s
Epoch 219 | loss 1.6012 | lr 5.29e-05 | 31.5s
Epoch 220 | loss 1.5903 | lr 5.17e-05 | 31.9s
Epoch 221 | loss 1.5908 | lr 5.04e-05 | 31.6s
Epoch 222 | loss 1.5920 | lr 4.92e-05 | 31.6s
Epoch 223 | loss 1.5839 | lr 4.80e-05 | 31.5s
Epoch 224 | loss 1.5808 | lr 4.68e-05 | 31.6s
Epoch 225 | loss 1.5792 | lr 4.57e-05 | 31.6s
Epoch 226 | loss 1.5724 | lr 4.45e-05 | 31.6s
Epoch 227 | loss 1.5743 | lr 4.34e-05 | 31.5s
Epoch 228 | loss 1.5663 | lr 4.22e-05 | 31.4s
Epoch 229 | loss 1.5648 | lr 4.11e-05 | 31.5s
Epoch 230 | loss 1.5640 | lr 4.00e-05 | 31.5s
Epoch 231 | loss 1.5575 | lr 3.89e-05 | 31.5s
Epoch 232 | loss 1.5590 | lr 3.78e-05 | 32.1s
Epoch 233 | loss 1.5533 | lr 3.67e-05 | 31.7s
Epoch 234 | loss 1.5535 | lr 3.57e-05 | 31.4s
Epoch 235 | loss 1.5497 | lr 3.46e-05 | 31.7s
Epoch 236 | loss 1.5524 | lr 3.36e-05 | 31.5s
Epoch 237 | loss 1.5411 | lr 3.26e-05 | 31.3s
Epoch 238 | loss 1.5420 | lr 3.16e-05 | 31.3s
Epoch 239 | loss 1.5427 | lr 3.06e-05 | 31.3s
Epoch 240 | loss 1.5350 | lr 2.96e-05 | 31.4s
Epoch 241 | loss 1.5369 | lr 2.86e-05 | 31.6s
Epoch 242 | loss 1.5318 | lr 2.77e-05 | 31.5s
Epoch 243 | loss 1.5231 | lr 2.68e-05 | 31.4s
Epoch 244 | loss 1.5264 | lr 2.58e-05 | 31.2s
Epoch 245 | loss 1.5253 | lr 2.49e-05 | 31.3s
Epoch 246 | loss 1.5209 | lr 2.41e-05 | 31.2s
Epoch 247 | loss 1.5201 | lr 2.32e-05 | 31.3s
Epoch 248 | loss 1.5175 | lr 2.23e-05 | 31.2s
Epoch 249 | loss 1.5163 | lr 2.15e-05 | 31.3s
Epoch 250 | loss 1.5183 | lr 2.06e-05 | 31.4s
Epoch 251 | loss 1.5153 | lr 1.98e-05 | 31.3s
Epoch 252 | loss 1.5094 | lr 1.90e-05 | 31.3s
Epoch 253 | loss 1.5170 | lr 1.82e-05 | 31.3s
Epoch 254 | loss 1.5104 | lr 1.75e-05 | 31.5s
Epoch 255 | loss 1.5109 | lr 1.67e-05 | 31.2s
Epoch 256 | loss 1.5032 | lr 1.60e-05 | 31.4s
Epoch 257 | loss 1.5035 | lr 1.53e-05 | 31.4s
Epoch 258 | loss 1.5034 | lr 1.46e-05 | 31.3s
Epoch 259 | loss 1.4996 | lr 1.39e-05 | 31.3s
Epoch 260 | loss 1.4971 | lr 1.32e-05 | 31.4s
Epoch 261 | loss 1.5002 | lr 1.25e-05 | 31.2s
Epoch 262 | loss 1.4948 | lr 1.19e-05 | 31.2s
Epoch 263 | loss 1.4976 | lr 1.13e-05 | 31.4s
Epoch 264 | loss 1.4990 | lr 1.07e-05 | 31.4s
Epoch 265 | loss 1.4928 | lr 1.01e-05 | 31.4s
Epoch 266 | loss 1.4905 | lr 9.48e-06 | 31.3s
Epoch 267 | loss 1.4896 | lr 8.92e-06 | 31.4s
Epoch 268 | loss 1.4904 | lr 8.38e-06 | 31.2s
Epoch 269 | loss 1.4838 | lr 7.85e-06 | 31.3s
Epoch 270 | loss 1.4887 | lr 7.34e-06 | 31.2s
Epoch 271 | loss 1.4876 | lr 6.85e-06 | 31.2s
Epoch 272 | loss 1.4891 | lr 6.37e-06 | 31.3s
Epoch 273 | loss 1.4806 | lr 5.91e-06 | 31.3s
Epoch 274 | loss 1.4798 | lr 5.47e-06 | 31.3s
Epoch 275 | loss 1.4803 | lr 5.04e-06 | 31.4s
Epoch 276 | loss 1.4788 | lr 4.63e-06 | 32.1s
Epoch 277 | loss 1.4812 | lr 4.24e-06 | 31.4s
Epoch 278 | loss 1.4789 | lr 3.86e-06 | 31.1s
Epoch 279 | loss 1.4808 | lr 3.51e-06 | 31.1s
Epoch 280 | loss 1.4778 | lr 3.17e-06 | 31.7s
Epoch 281 | loss 1.4745 | lr 2.84e-06 | 31.6s
Epoch 282 | loss 1.4798 | lr 2.54e-06 | 31.5s
Epoch 283 | loss 1.4809 | lr 2.25e-06 | 31.4s
Epoch 284 | loss 1.4737 | lr 1.98e-06 | 31.6s
Epoch 285 | loss 1.4758 | lr 1.72e-06 | 31.5s
Epoch 286 | loss 1.4784 | lr 1.49e-06 | 31.4s
Epoch 287 | loss 1.4735 | lr 1.27e-06 | 31.7s
Epoch 288 | loss 1.4775 | lr 1.06e-06 | 31.8s
Epoch 289 | loss 1.4713 | lr 8.79e-07 | 31.9s
Epoch 290 | loss 1.4795 | lr 7.12e-07 | 32.0s
Epoch 291 | loss 1.4842 | lr 5.63e-07 | 31.8s
Epoch 292 | loss 1.4764 | lr 4.31e-07 | 31.6s
Epoch 293 | loss 1.4709 | lr 3.17e-07 | 31.9s
Epoch 294 | loss 1.4737 | lr 2.20e-07 | 31.7s
Epoch 295 | loss 1.4710 | lr 1.41e-07 | 32.0s
Epoch 296 | loss 1.4737 | lr 7.92e-08 | 32.2s
Epoch 297 | loss 1.4770 | lr 3.52e-08 | 31.8s
Epoch 298 | loss 1.4708 | lr 8.80e-09 | 31.9s
Epoch 299 | loss 1.4784 | lr 0.00e+00 | 31.7s
Training complete. Final checkpoint saved to data/checkpoints/ar_v2
